<?xml version="1.0" encoding="UTF-8"?>
<testng-results skipped="0" failed="0" ignored="0" total="1" passed="1">
  <reporter-output>
  </reporter-output>
  <suite name="TestScripts.DriverScriptTest" duration-ms="50492" started-at="2018-10-15T23:51:46Z" finished-at="2018-10-15T23:52:37Z">
    <groups>
    </groups>
    <test name="Command line test" duration-ms="50492" started-at="2018-10-15T23:51:46Z" finished-at="2018-10-15T23:52:37Z">
      <class name="TestScripts.DriverScriptTest">
        <test-method status="PASS" signature="mainMethod()[pri:0, instance:TestScripts.DriverScriptTest@327471b5]" name="mainMethod" duration-ms="50445" started-at="2018-10-15T23:51:46Z" finished-at="2018-10-15T23:52:37Z">
          <reporter-output>
          </reporter-output>
        </test-method> <!-- mainMethod -->
      </class> <!-- TestScripts.DriverScriptTest -->
    </test> <!-- Command line test -->
  </suite> <!-- TestScripts.DriverScriptTest -->
</testng-results>
