<?xml version="1.0" encoding="UTF-8"?>
<testng-results skipped="0" failed="1" ignored="0" total="3" passed="2">
  <reporter-output>
  </reporter-output>
  <suite name="TestScripts.DriverScriptTest" duration-ms="97474" started-at="2018-10-15T18:49:20Z" finished-at="2018-10-15T18:50:57Z">
    <groups>
    </groups>
    <test name="Command line test" duration-ms="97474" started-at="2018-10-15T18:49:20Z" finished-at="2018-10-15T18:50:57Z">
      <class name="TestScripts.DriverScriptTest">
        <test-method status="FAIL" signature="Login_Error_Message_1()[pri:0, instance:TestScripts.DriverScriptTest@617c74e5]" name="Login_Error_Message_1" duration-ms="56" started-at="2018-10-15T18:49:20Z" finished-at="2018-10-15T18:49:20Z">
          <exception class="java.lang.NullPointerException">
            <full-stacktrace>
              <![CDATA[java.lang.NullPointerException
at TestScripts.ReusableMethods.createTestScriptReport(ReusableMethods.java:103)
at TestScripts.AutomationScript.Login_Error_Message_1(AutomationScript.java:24)
at sun.reflect.NativeMethodAccessorImpl.invoke0(Native Method)
at sun.reflect.NativeMethodAccessorImpl.invoke(Unknown Source)
at sun.reflect.DelegatingMethodAccessorImpl.invoke(Unknown Source)
at java.lang.reflect.Method.invoke(Unknown Source)
at org.testng.internal.MethodInvocationHelper.invokeMethod(MethodInvocationHelper.java:124)
at org.testng.internal.Invoker.invokeMethod(Invoker.java:583)
at org.testng.internal.Invoker.invokeTestMethod(Invoker.java:719)
at org.testng.internal.Invoker.invokeTestMethods(Invoker.java:989)
at org.testng.internal.TestMethodWorker.invokeTestMethods(TestMethodWorker.java:125)
at org.testng.internal.TestMethodWorker.run(TestMethodWorker.java:109)
at org.testng.TestRunner.privateRun(TestRunner.java:648)
at org.testng.TestRunner.run(TestRunner.java:505)
at org.testng.SuiteRunner.runTest(SuiteRunner.java:455)
at org.testng.SuiteRunner.runSequentially(SuiteRunner.java:450)
at org.testng.SuiteRunner.privateRun(SuiteRunner.java:415)
at org.testng.SuiteRunner.run(SuiteRunner.java:364)
at org.testng.SuiteRunnerWorker.runSuite(SuiteRunnerWorker.java:52)
at org.testng.SuiteRunnerWorker.run(SuiteRunnerWorker.java:84)
at org.testng.TestNG.runSuitesSequentially(TestNG.java:1208)
at org.testng.TestNG.runSuitesLocally(TestNG.java:1137)
at org.testng.TestNG.runSuites(TestNG.java:1049)
at org.testng.TestNG.run(TestNG.java:1017)
at org.apache.maven.surefire.testng.TestNGExecutor.run(TestNGExecutor.java:70)
at org.apache.maven.surefire.testng.TestNGDirectoryTestSuite.execute(TestNGDirectoryTestSuite.java:109)
at org.apache.maven.surefire.testng.TestNGProvider.invoke(TestNGProvider.java:111)
at sun.reflect.NativeMethodAccessorImpl.invoke0(Native Method)
at sun.reflect.NativeMethodAccessorImpl.invoke(Unknown Source)
at sun.reflect.DelegatingMethodAccessorImpl.invoke(Unknown Source)
at java.lang.reflect.Method.invoke(Unknown Source)
at org.apache.maven.surefire.util.ReflectionUtils.invokeMethodWithArray(ReflectionUtils.java:164)
at org.apache.maven.surefire.booter.ProviderFactory$ProviderProxy.invoke(ProviderFactory.java:110)
at org.apache.maven.surefire.booter.SurefireStarter.invokeProvider(SurefireStarter.java:175)
at org.apache.maven.surefire.booter.SurefireStarter.runSuitesInProcessWhenForked(SurefireStarter.java:107)
at org.apache.maven.surefire.booter.ForkedBooter.main(ForkedBooter.java:68)
]]>
            </full-stacktrace>
          </exception> <!-- java.lang.NullPointerException -->
          <reporter-output>
          </reporter-output>
        </test-method> <!-- Login_Error_Message_1 -->
        <test-method status="PASS" signature="Login_To_SalesForce_2()[pri:0, instance:TestScripts.DriverScriptTest@617c74e5]" name="Login_To_SalesForce_2" duration-ms="0" started-at="2018-10-15T18:49:20Z" finished-at="2018-10-15T18:49:20Z">
          <reporter-output>
          </reporter-output>
        </test-method> <!-- Login_To_SalesForce_2 -->
        <test-method status="PASS" signature="mainMethod()[pri:0, instance:TestScripts.DriverScriptTest@617c74e5]" name="mainMethod" duration-ms="97247" started-at="2018-10-15T18:49:20Z" finished-at="2018-10-15T18:50:57Z">
          <reporter-output>
          </reporter-output>
        </test-method> <!-- mainMethod -->
      </class> <!-- TestScripts.DriverScriptTest -->
    </test> <!-- Command line test -->
  </suite> <!-- TestScripts.DriverScriptTest -->
</testng-results>
