<?xml version="1.0" encoding="UTF-8"?>
<!-- Generated by org.testng.reporters.JUnitXMLReporter -->
<testsuite hostname="Bachhi-PC" ignored="0" name="Command line test" tests="3" failures="1" timestamp="15 Oct 2018 18:50:57 GMT" time="97.474" errors="0">
  <testcase name="Login_Error_Message_1" time="0.056" classname="TestScripts.AutomationScript">
    <failure type="java.lang.NullPointerException">
      <![CDATA[java.lang.NullPointerException
at TestScripts.ReusableMethods.createTestScriptReport(ReusableMethods.java:103)
at TestScripts.AutomationScript.Login_Error_Message_1(AutomationScript.java:24)
... Removed 34 stack frames]]>
    </failure>
  </testcase> <!-- Login_Error_Message_1 -->
  <testcase name="Login_To_SalesForce_2" time="0.0" classname="TestScripts.AutomationScript"/>
  <testcase name="mainMethod" time="97.247" classname="TestScripts.DriverScriptTest"/>
</testsuite> <!-- Command line test -->
